C51 COMPILER V9.01   DELAY                                                                 06/19/2020 12:28:50 PAGE 1   


C51 COMPILER V9.01, COMPILATION OF MODULE DELAY
OBJECT MODULE PLACED IN .\delay.obj
COMPILER INVOKED BY: D:\Keil_v5\C51\BIN\C51.EXE ..\system\delay\delay.c LARGE OPTIMIZE(7,SPEED) BROWSE INCDIR(..\hardwar
                    -e\setphone;..\hardware\flash;..\hardware\huanjing;..\hardware\sendmessage;..\hardware\touch_main;..\main;..\system\bin;.
                    -.\system\delay;..\system\iic;..\system\interrupt;..\system\stc;..\tft_touch_sd\font;..\tft_touch_sd\touch;..\tft_touch_s
                    -d\tft;..\tft_touch_sd\txt;..\hardware\chuankou;..\hardware\zhuce;..\hardware\init) DEBUG OBJECTEXTEND PRINT(.\delay.lst)
                    - TABS(2) OBJECT(.\delay.obj)

line level    source

   1          #include "intrins.h"
   2          void delay(unsigned int count)  // /* X1ms */
   3          {
   4   1          while(count--)
   5   1          {_nop_();_nop_();_nop_();_nop_();_nop_(); _nop_();_nop_();
   6   2           _nop_();_nop_();_nop_();_nop_();_nop_();_nop_();
   7   2           }
   8   1      }
   9          void delayms(unsigned int count)  // /* X1ms */2200=24M
  10          {
  11   1              int i,j;
  12   1              for(i=0;i<count;i++)
  13   1                      for(j=0;j<2680;j++);
  14   1      
  15   1      }


MODULE INFORMATION:   STATIC OVERLAYABLE
   CODE SIZE        =     58    ----
   CONSTANT SIZE    =   ----    ----
   XDATA SIZE       =   ----    ----
   PDATA SIZE       =   ----    ----
   DATA SIZE        =   ----    ----
   IDATA SIZE       =   ----    ----
   BIT SIZE         =   ----    ----
END OF MODULE INFORMATION.


C51 COMPILATION COMPLETE.  0 WARNING(S),  0 ERROR(S)
