C51 COMPILER V9.01   FONT                                                                  06/19/2020 12:28:54 PAGE 1   


C51 COMPILER V9.01, COMPILATION OF MODULE FONT
OBJECT MODULE PLACED IN .\font.obj
COMPILER INVOKED BY: D:\Keil_v5\C51\BIN\C51.EXE ..\tft_touch_sd\font\font.c LARGE OPTIMIZE(7,SPEED) BROWSE INCDIR(..\har
                    -dware\setphone;..\hardware\flash;..\hardware\huanjing;..\hardware\sendmessage;..\hardware\touch_main;..\main;..\system\b
                    -in;..\system\delay;..\system\iic;..\system\interrupt;..\system\stc;..\tft_touch_sd\font;..\tft_touch_sd\touch;..\tft_tou
                    -ch_sd\tft;..\tft_touch_sd\txt;..\hardware\chuankou;..\hardware\zhuce;..\hardware\init) DEBUG OBJECTEXTEND PRINT(.\font.l
                    -st) TABS(2) OBJECT(.\font.obj)

line level    source

   1          #include "font.h"
   2          
   3          //取模：从下至上(8bit，即高位在前)，从左到右(6列宽)
   4          //每个字符8（高）*6（宽）像素点
   5          // index = ASCII - 32
   6          /*
   7          unsigned char code ASCII_6x8[][6] =
   8          {
   9              { 0x00, 0x00, 0x00, 0x00, 0x00, 0x00 },   // sp
  10              { 0x00, 0x00, 0x00, 0x2f, 0x00, 0x00 },   // !
  11              { 0x00, 0x00, 0x07, 0x00, 0x07, 0x00 },   // "
  12              { 0x00, 0x14, 0x7f, 0x14, 0x7f, 0x14 },   // #
  13              { 0x00, 0x24, 0x2a, 0x7f, 0x2a, 0x12 },   // $
  14              { 0x00, 0x62, 0x64, 0x08, 0x13, 0x23 },   // %
  15              { 0x00, 0x36, 0x49, 0x55, 0x22, 0x50 },   // &
  16              { 0x00, 0x00, 0x05, 0x03, 0x00, 0x00 },   // '
  17              { 0x00, 0x00, 0x1c, 0x22, 0x41, 0x00 },   // (
  18              { 0x00, 0x00, 0x41, 0x22, 0x1c, 0x00 },   // )
  19              { 0x00, 0x14, 0x08, 0x3E, 0x08, 0x14 },   // *
  20              { 0x00, 0x08, 0x08, 0x3E, 0x08, 0x08 },   // +
  21              { 0x00, 0x00, 0x00, 0xA0, 0x60, 0x00 },   // ,
  22              { 0x00, 0x08, 0x08, 0x08, 0x08, 0x08 },   // -
  23              { 0x00, 0x00, 0x60, 0x60, 0x00, 0x00 },   // .
  24              { 0x00, 0x20, 0x10, 0x08, 0x04, 0x02 },   // /
  25              { 0x00, 0x3E, 0x51, 0x49, 0x45, 0x3E },   // 0
  26              { 0x00, 0x00, 0x42, 0x7F, 0x40, 0x00 },   // 1
  27              { 0x00, 0x42, 0x61, 0x51, 0x49, 0x46 },   // 2
  28              { 0x00, 0x21, 0x41, 0x45, 0x4B, 0x31 },   // 3
  29              { 0x00, 0x18, 0x14, 0x12, 0x7F, 0x10 },   // 4
  30              { 0x00, 0x27, 0x45, 0x45, 0x45, 0x39 },   // 5
  31              { 0x00, 0x3C, 0x4A, 0x49, 0x49, 0x30 },   // 6
  32              { 0x00, 0x01, 0x71, 0x09, 0x05, 0x03 },   // 7
  33              { 0x00, 0x36, 0x49, 0x49, 0x49, 0x36 },   // 8
  34              { 0x00, 0x06, 0x49, 0x49, 0x29, 0x1E },   // 9
  35              { 0x00, 0x00, 0x36, 0x36, 0x00, 0x00 },   // :
  36              { 0x00, 0x00, 0x56, 0x36, 0x00, 0x00 },   // ;
  37              { 0x00, 0x08, 0x14, 0x22, 0x41, 0x00 },   // <
  38              { 0x00, 0x14, 0x14, 0x14, 0x14, 0x14 },   // =
  39              { 0x00, 0x00, 0x41, 0x22, 0x14, 0x08 },   // >
  40              { 0x00, 0x02, 0x01, 0x51, 0x09, 0x06 },   // ?
  41              { 0x00, 0x32, 0x49, 0x59, 0x51, 0x3E },   // @
  42              { 0x00, 0x7C, 0x12, 0x11, 0x12, 0x7C },   // A
  43              { 0x00, 0x7F, 0x49, 0x49, 0x49, 0x36 },   // B
  44              { 0x00, 0x3E, 0x41, 0x41, 0x41, 0x22 },   // C
  45              { 0x00, 0x7F, 0x41, 0x41, 0x22, 0x1C },   // D
  46              { 0x00, 0x7F, 0x49, 0x49, 0x49, 0x41 },   // E
  47              { 0x00, 0x7F, 0x09, 0x09, 0x09, 0x01 },   // F
  48              { 0x00, 0x3E, 0x41, 0x49, 0x49, 0x7A },   // G
  49              { 0x00, 0x7F, 0x08, 0x08, 0x08, 0x7F },   // H
  50              { 0x00, 0x00, 0x41, 0x7F, 0x41, 0x00 },   // I
  51              { 0x00, 0x20, 0x40, 0x41, 0x3F, 0x01 },   // J
C51 COMPILER V9.01   FONT                                                                  06/19/2020 12:28:54 PAGE 2   

  52              { 0x00, 0x7F, 0x08, 0x14, 0x22, 0x41 },   // K
  53              { 0x00, 0x7F, 0x40, 0x40, 0x40, 0x40 },   // L
  54              { 0x00, 0x7F, 0x02, 0x0C, 0x02, 0x7F },   // M
  55              { 0x00, 0x7F, 0x04, 0x08, 0x10, 0x7F },   // N
  56              { 0x00, 0x3E, 0x41, 0x41, 0x41, 0x3E },   // O
  57              { 0x00, 0x7F, 0x09, 0x09, 0x09, 0x06 },   // P
  58              { 0x00, 0x3E, 0x41, 0x51, 0x21, 0x5E },   // Q
  59              { 0x00, 0x7F, 0x09, 0x19, 0x29, 0x46 },   // R
  60              { 0x00, 0x46, 0x49, 0x49, 0x49, 0x31 },   // S
  61              { 0x00, 0x01, 0x01, 0x7F, 0x01, 0x01 },   // T
  62              { 0x00, 0x3F, 0x40, 0x40, 0x40, 0x3F },   // U
  63              { 0x00, 0x1F, 0x20, 0x40, 0x20, 0x1F },   // V
  64              { 0x00, 0x3F, 0x40, 0x38, 0x40, 0x3F },   // W
  65              { 0x00, 0x63, 0x14, 0x08, 0x14, 0x63 },   // X
  66              { 0x00, 0x07, 0x08, 0x70, 0x08, 0x07 },   // Y
  67              { 0x00, 0x61, 0x51, 0x49, 0x45, 0x43 },   // Z
  68              { 0x00, 0x00, 0x7F, 0x41, 0x41, 0x00 },   // [
  69              { 0x00, 0x55, 0x2A, 0x55, 0x2A, 0x55 },   // 55
  70              { 0x00, 0x00, 0x41, 0x41, 0x7F, 0x00 },   // ]
  71              { 0x00, 0x04, 0x02, 0x01, 0x02, 0x04 },   // ^
  72              { 0x00, 0x40, 0x40, 0x40, 0x40, 0x40 },   // _
  73              { 0x00, 0x00, 0x01, 0x02, 0x04, 0x00 },   // '
  74              { 0x00, 0x20, 0x54, 0x54, 0x54, 0x78 },   // a
  75              { 0x00, 0x7F, 0x48, 0x44, 0x44, 0x38 },   // b
  76              { 0x00, 0x38, 0x44, 0x44, 0x44, 0x20 },   // c
  77              { 0x00, 0x38, 0x44, 0x44, 0x48, 0x7F },   // d
  78              { 0x00, 0x38, 0x54, 0x54, 0x54, 0x18 },   // e
  79              { 0x00, 0x08, 0x7E, 0x09, 0x01, 0x02 },   // f
  80              { 0x00, 0x18, 0xA4, 0xA4, 0xA4, 0x7C },   // g
  81              { 0x00, 0x7F, 0x08, 0x04, 0x04, 0x78 },   // h
  82              { 0x00, 0x00, 0x44, 0x7D, 0x40, 0x00 },   // i
  83              { 0x00, 0x40, 0x80, 0x84, 0x7D, 0x00 },   // j
  84              { 0x00, 0x7F, 0x10, 0x28, 0x44, 0x00 },   // k
  85              { 0x00, 0x00, 0x41, 0x7F, 0x40, 0x00 },   // l
  86              { 0x00, 0x7C, 0x04, 0x18, 0x04, 0x78 },   // m
  87              { 0x00, 0x7C, 0x08, 0x04, 0x04, 0x78 },   // n
  88              { 0x00, 0x38, 0x44, 0x44, 0x44, 0x38 },   // o
  89              { 0x00, 0xFC, 0x24, 0x24, 0x24, 0x18 },   // p
  90              { 0x00, 0x18, 0x24, 0x24, 0x18, 0xFC },   // q
  91              { 0x00, 0x7C, 0x08, 0x04, 0x04, 0x08 },   // r
  92              { 0x00, 0x48, 0x54, 0x54, 0x54, 0x20 },   // s
  93              { 0x00, 0x04, 0x3F, 0x44, 0x40, 0x20 },   // t
  94              { 0x00, 0x3C, 0x40, 0x40, 0x20, 0x7C },   // u
  95              { 0x00, 0x1C, 0x20, 0x40, 0x20, 0x1C },   // v
  96              { 0x00, 0x3C, 0x40, 0x30, 0x40, 0x3C },   // w
  97              { 0x00, 0x44, 0x28, 0x10, 0x28, 0x44 },   // x
  98              { 0x00, 0x1C, 0xA0, 0xA0, 0xA0, 0x7C },   // y
  99              { 0x00, 0x44, 0x64, 0x54, 0x4C, 0x44 },   // z
 100              { 0x14, 0x14, 0x14, 0x14, 0x14, 0x14 }    // horiz lines
 101          };*/
 102          unsigned char code ASCII_816[96][16]= //96*16
 103          {
 104          {0x00,0x00,0x00,0x00,0x00,0x00,0x00,0x00,0x00,0x00,0x00,0x00,0x00,0x00,0x00,0x00}, // space 0x20
 105          {0x00,0x00,0x18,0x3C,0x3C,0x3C,0x18,0x18,0x18,0x00,0x18,0x18,0x00,0x00,0x00,0x00}, // !
 106          {0x00,0x63,0x63,0x63,0x22,0x00,0x00,0x00,0x00,0x00,0x00,0x00,0x00,0x00,0x00,0x00}, // "
 107          {0x00,0x00,0x00,0x36,0x36,0x7F,0x36,0x36,0x36,0x7F,0x36,0x36,0x00,0x00,0x00,0x00}, // #
 108          {0x0C,0x0C,0x3E,0x63,0x61,0x60,0x3E,0x03,0x03,0x43,0x63,0x3E,0x0C,0x0C,0x00,0x00}, // $
 109          {0x00,0x00,0x00,0x00,0x00,0x61,0x63,0x06,0x0C,0x18,0x33,0x63,0x00,0x00,0x00,0x00}, // %
 110          {0x00,0x00,0x00,0x1C,0x36,0x36,0x1C,0x3B,0x6E,0x66,0x66,0x3B,0x00,0x00,0x00,0x00}, // &
 111          {0x00,0x30,0x30,0x30,0x60,0x00,0x00,0x00,0x00,0x00,0x00,0x00,0x00,0x00,0x00,0x00}, // '
 112          {0x00,0x00,0x0C,0x18,0x18,0x30,0x30,0x30,0x30,0x18,0x18,0x0C,0x00,0x00,0x00,0x00}, // (
 113          {0x00,0x00,0x18,0x0C,0x0C,0x06,0x06,0x06,0x06,0x0C,0x0C,0x18,0x00,0x00,0x00,0x00}, // )
C51 COMPILER V9.01   FONT                                                                  06/19/2020 12:28:54 PAGE 3   

 114          {0x00,0x00,0x00,0x00,0x42,0x66,0x3C,0xFF,0x3C,0x66,0x42,0x00,0x00,0x00,0x00,0x00}, // *
 115          {0x00,0x00,0x00,0x00,0x18,0x18,0x18,0xFF,0x18,0x18,0x18,0x00,0x00,0x00,0x00,0x00}, // +
 116          {0x00,0x00,0x00,0x00,0x00,0x00,0x00,0x00,0x00,0x00,0x18,0x18,0x18,0x30,0x00,0x00}, // ,
 117          {0x00,0x00,0x00,0x00,0x00,0x00,0x00,0xFF,0x00,0x00,0x00,0x00,0x00,0x00,0x00,0x00}, // -
 118          {0x00,0x00,0x00,0x00,0x00,0x00,0x00,0x00,0x00,0x00,0x18,0x18,0x00,0x00,0x00,0x00}, // .
 119          {0x00,0x00,0x01,0x03,0x07,0x0E,0x1C,0x38,0x70,0xE0,0xC0,0x80,0x00,0x00,0x00,0x00}, // / (forward slash)
 120          {0x00,0x00,0x3E,0x63,0x63,0x63,0x6B,0x6B,0x63,0x63,0x63,0x3E,0x00,0x00,0x00,0x00}, // 0 0x30
 121          {0x00,0x00,0x0C,0x1C,0x3C,0x0C,0x0C,0x0C,0x0C,0x0C,0x0C,0x3F,0x00,0x00,0x00,0x00}, // 1
 122          {0x00,0x00,0x3E,0x63,0x03,0x06,0x0C,0x18,0x30,0x61,0x63,0x7F,0x00,0x00,0x00,0x00}, // 2
 123          {0x00,0x00,0x3E,0x63,0x03,0x03,0x1E,0x03,0x03,0x03,0x63,0x3E,0x00,0x00,0x00,0x00}, // 3
 124          
 125          {0x00,0x00,0x06,0x0E,0x1E,0x36,0x66,0x66,0x7F,0x06,0x06,0x0F,0x00,0x00,0x00,0x00}, // 4
 126          {0x00,0x00,0x7F,0x60,0x60,0x60,0x7E,0x03,0x03,0x63,0x73,0x3E,0x00,0x00,0x00,0x00}, // 5
 127          {0x00,0x00,0x1C,0x30,0x60,0x60,0x7E,0x63,0x63,0x63,0x63,0x3E,0x00,0x00,0x00,0x00}, // 6
 128          {0x00,0x00,0x7F,0x63,0x03,0x06,0x06,0x0C,0x0C,0x18,0x18,0x18,0x00,0x00,0x00,0x00}, // 7
 129          {0x00,0x00,0x3E,0x63,0x63,0x63,0x3E,0x63,0x63,0x63,0x63,0x3E,0x00,0x00,0x00,0x00}, // 8
 130          {0x00,0x00,0x3E,0x63,0x63,0x63,0x63,0x3F,0x03,0x03,0x06,0x3C,0x00,0x00,0x00,0x00}, // 9
 131          {0x00,0x00,0x00,0x00,0x00,0x18,0x18,0x00,0x00,0x00,0x18,0x18,0x00,0x00,0x00,0x00}, // :
 132          {0x00,0x00,0x00,0x00,0x00,0x18,0x18,0x00,0x00,0x00,0x18,0x18,0x18,0x30,0x00,0x00}, // ;
 133          {0x00,0x00,0x00,0x06,0x0C,0x18,0x30,0x60,0x30,0x18,0x0C,0x06,0x00,0x00,0x00,0x00}, // <
 134          {0x00,0x00,0x00,0x00,0x00,0x00,0x7E,0x00,0x00,0x7E,0x00,0x00,0x00,0x00,0x00,0x00}, // =
 135          {0x00,0x00,0x00,0x60,0x30,0x18,0x0C,0x06,0x0C,0x18,0x30,0x60,0x00,0x00,0x00,0x00}, // >
 136          {0x00,0x00,0x3E,0x63,0x63,0x06,0x0C,0x0C,0x0C,0x00,0x0C,0x0C,0x00,0x00,0x00,0x00}, // ?
 137          {0x00,0x00,0x3E,0x63,0x63,0x6F,0x6B,0x6B,0x6E,0x60,0x60,0x3E,0x00,0x00,0x00,0x00}, // @ 0x40
 138          {0x00,0x00,0x08,0x1C,0x36,0x63,0x63,0x63,0x7F,0x63,0x63,0x63,0x00,0x00,0x00,0x00}, // A
 139          {0x00,0x00,0x7E,0x33,0x33,0x33,0x3E,0x33,0x33,0x33,0x33,0x7E,0x00,0x00,0x00,0x00}, // B
 140          {0x00,0x00,0x1E,0x33,0x61,0x60,0x60,0x60,0x60,0x61,0x33,0x1E,0x00,0x00,0x00,0x00}, // C
 141          {0x00,0x00,0x7C,0x36,0x33,0x33,0x33,0x33,0x33,0x33,0x36,0x7C,0x00,0x00,0x00,0x00}, // D
 142          {0x00,0x00,0x7F,0x33,0x31,0x34,0x3C,0x34,0x30,0x31,0x33,0x7F,0x00,0x00,0x00,0x00}, // E
 143          {0x00,0x00,0x7F,0x33,0x31,0x34,0x3C,0x34,0x30,0x30,0x30,0x78,0x00,0x00,0x00,0x00}, // F
 144          {0x00,0x00,0x1E,0x33,0x61,0x60,0x60,0x6F,0x63,0x63,0x37,0x1D,0x00,0x00,0x00,0x00}, // G
 145          
 146          {0x00,0x00,0x63,0x63,0x63,0x63,0x7F,0x63,0x63,0x63,0x63,0x63,0x00,0x00,0x00,0x00}, // H
 147          {0x00,0x00,0x3C,0x18,0x18,0x18,0x18,0x18,0x18,0x18,0x18,0x3C,0x00,0x00,0x00,0x00}, // I
 148          {0x00,0x00,0x0F,0x06,0x06,0x06,0x06,0x06,0x06,0x66,0x66,0x3C,0x00,0x00,0x00,0x00}, // J
 149          {0x00,0x00,0x73,0x33,0x36,0x36,0x3C,0x36,0x36,0x33,0x33,0x73,0x00,0x00,0x00,0x00}, // K
 150          {0x00,0x00,0x78,0x30,0x30,0x30,0x30,0x30,0x30,0x31,0x33,0x7F,0x00,0x00,0x00,0x00}, // L
 151          {0x00,0x00,0x63,0x77,0x7F,0x6B,0x63,0x63,0x63,0x63,0x63,0x63,0x00,0x00,0x00,0x00}, // M
 152          {0x00,0x00,0x63,0x63,0x73,0x7B,0x7F,0x6F,0x67,0x63,0x63,0x63,0x00,0x00,0x00,0x00}, // N
 153          {0x00,0x00,0x1C,0x36,0x63,0x63,0x63,0x63,0x63,0x63,0x36,0x1C,0x00,0x00,0x00,0x00}, // O
 154          {0x00,0x00,0x7E,0x33,0x33,0x33,0x3E,0x30,0x30,0x30,0x30,0x78,0x00,0x00,0x00,0x00}, // P   0x50
 155          {0x00,0x00,0x3E,0x63,0x63,0x63,0x63,0x63,0x63,0x6B,0x6F,0x3E,0x06,0x07,0x00,0x00}, // Q
 156          {0x00,0x00,0x7E,0x33,0x33,0x33,0x3E,0x36,0x36,0x33,0x33,0x73,0x00,0x00,0x00,0x00}, // R
 157          {0x00,0x00,0x3E,0x63,0x63,0x30,0x1C,0x06,0x03,0x63,0x63,0x3E,0x00,0x00,0x00,0x00}, // S
 158          {0x00,0x00,0xFF,0xDB,0x99,0x18,0x18,0x18,0x18,0x18,0x18,0x3C,0x00,0x00,0x00,0x00}, // T
 159          {0x00,0x00,0x63,0x63,0x63,0x63,0x63,0x63,0x63,0x63,0x63,0x3E,0x00,0x00,0x00,0x00}, // U
 160          {0x00,0x00,0x63,0x63,0x63,0x63,0x63,0x63,0x63,0x36,0x1C,0x08,0x00,0x00,0x00,0x00}, // V
 161          {0x00,0x00,0x63,0x63,0x63,0x63,0x63,0x6B,0x6B,0x7F,0x36,0x36,0x00,0x00,0x00,0x00}, // W
 162          {0x00,0x00,0xC3,0xC3,0x66,0x3C,0x18,0x18,0x3C,0x66,0xC3,0xC3,0x00,0x00,0x00,0x00}, // X
 163          {0x00,0x00,0xC3,0xC3,0xC3,0x66,0x3C,0x18,0x18,0x18,0x18,0x3C,0x00,0x00,0x00,0x00}, // Y
 164          {0x00,0x00,0x7F,0x63,0x43,0x06,0x0C,0x18,0x30,0x61,0x63,0x7F,0x00,0x00,0x00,0x00}, // Z
 165          {0x00,0x00,0x3C,0x30,0x30,0x30,0x30,0x30,0x30,0x30,0x30,0x3C,0x00,0x00,0x00,0x00}, // [
 166          
 167          {0x00,0x00,0x80,0xC0,0xE0,0x70,0x38,0x1C,0x0E,0x07,0x03,0x01,0x00,0x00,0x00,0x00}, // \ (back slash)
 168          {0x00,0x00,0x3C,0x0C,0x0C,0x0C,0x0C,0x0C,0x0C,0x0C,0x0C,0x3C,0x00,0x00,0x00,0x00}, // ]
 169          {0x08,0x1C,0x36,0x63,0x00,0x00,0x00,0x00,0x00,0x00,0x00,0x00,0x00,0x00,0x00,0x00}, // ^
 170          {0x00,0x00,0x00,0x00,0x00,0x00,0x00,0x00,0x00,0x00,0x00,0x00,0xFF,0x00,0x00,0x00}, // _
 171          {0x18,0x18,0x0C,0x00,0x00,0x00,0x00,0x00,0x00,0x00,0x00,0x00,0x00,0x00,0x00,0x00}, // `    0x60
 172          {0x00,0x00,0x00,0x00,0x00,0x3C,0x46,0x06,0x3E,0x66,0x66,0x3B,0x00,0x00,0x00,0x00}, // a
 173          {0x00,0x00,0x70,0x30,0x30,0x3C,0x36,0x33,0x33,0x33,0x33,0x6E,0x00,0x00,0x00,0x00}, // b
 174          {0x00,0x00,0x00,0x00,0x00,0x3E,0x63,0x60,0x60,0x60,0x63,0x3E,0x00,0x00,0x00,0x00}, // c
 175          {0x00,0x00,0x0E,0x06,0x06,0x1E,0x36,0x66,0x66,0x66,0x66,0x3B,0x00,0x00,0x00,0x00}, // d
C51 COMPILER V9.01   FONT                                                                  06/19/2020 12:28:54 PAGE 4   

 176          {0x00,0x00,0x00,0x00,0x00,0x3E,0x63,0x63,0x7E,0x60,0x63,0x3E,0x00,0x00,0x00,0x00}, // e
 177          {0x00,0x00,0x1C,0x36,0x32,0x30,0x7C,0x30,0x30,0x30,0x30,0x78,0x00,0x00,0x00,0x00}, // f
 178          {0x00,0x00,0x00,0x00,0x00,0x3B,0x66,0x66,0x66,0x66,0x3E,0x06,0x66,0x3C,0x00,0x00}, // g
 179          {0x00,0x00,0x70,0x30,0x30,0x36,0x3B,0x33,0x33,0x33,0x33,0x73,0x00,0x00,0x00,0x00}, // h
 180          {0x00,0x00,0x0C,0x0C,0x00,0x1C,0x0C,0x0C,0x0C,0x0C,0x0C,0x1E,0x00,0x00,0x00,0x00}, // i
 181          {0x00,0x00,0x06,0x06,0x00,0x0E,0x06,0x06,0x06,0x06,0x06,0x66,0x66,0x3C,0x00,0x00}, // j
 182          {0x00,0x00,0x70,0x30,0x30,0x33,0x33,0x36,0x3C,0x36,0x33,0x73,0x00,0x00,0x00,0x00}, // k
 183          {0x00,0x00,0x1C,0x0C,0x0C,0x0C,0x0C,0x0C,0x0C,0x0C,0x0C,0x1E,0x00,0x00,0x00,0x00}, // l
 184          {0x00,0x00,0x00,0x00,0x00,0x6E,0x7F,0x6B,0x6B,0x6B,0x6B,0x6B,0x00,0x00,0x00,0x00}, // m
 185          {0x00,0x00,0x00,0x00,0x00,0x6E,0x33,0x33,0x33,0x33,0x33,0x33,0x00,0x00,0x00,0x00}, // n
 186          {0x00,0x00,0x00,0x00,0x00,0x3E,0x63,0x63,0x63,0x63,0x63,0x3E,0x00,0x00,0x00,0x00}, // o
 187          
 188          {0x00,0x00,0x00,0x00,0x00,0x6E,0x33,0x33,0x33,0x33,0x3E,0x30,0x30,0x78,0x00,0x00}, // p    0x70
 189          {0x00,0x00,0x00,0x00,0x00,0x3B,0x66,0x66,0x66,0x66,0x3E,0x06,0x06,0x0F,0x00,0x00}, // q
 190          {0x00,0x00,0x00,0x00,0x00,0x6E,0x3B,0x33,0x30,0x30,0x30,0x78,0x00,0x00,0x00,0x00}, // r
 191          {0x00,0x00,0x00,0x00,0x00,0x3E,0x63,0x38,0x0E,0x03,0x63,0x3E,0x00,0x00,0x00,0x00}, // s
 192          {0x00,0x00,0x08,0x18,0x18,0x7E,0x18,0x18,0x18,0x18,0x1B,0x0E,0x00,0x00,0x00,0x00}, // t
 193          {0x00,0x00,0x00,0x00,0x00,0x66,0x66,0x66,0x66,0x66,0x66,0x3B,0x00,0x00,0x00,0x00}, // u
 194          {0x00,0x00,0x00,0x00,0x00,0x63,0x63,0x36,0x36,0x1C,0x1C,0x08,0x00,0x00,0x00,0x00}, // v
 195          {0x00,0x00,0x00,0x00,0x00,0x63,0x63,0x63,0x6B,0x6B,0x7F,0x36,0x00,0x00,0x00,0x00}, // w
 196          {0x00,0x00,0x00,0x00,0x00,0x63,0x36,0x1C,0x1C,0x1C,0x36,0x63,0x00,0x00,0x00,0x00}, // x
 197          {0x00,0x00,0x00,0x00,0x00,0x63,0x63,0x63,0x63,0x63,0x3F,0x03,0x06,0x3C,0x00,0x00}, // y
 198          {0x00,0x00,0x00,0x00,0x00,0x7F,0x66,0x0C,0x18,0x30,0x63,0x7F,0x00,0x00,0x00,0x00}, // z
 199          {0x00,0x00,0x0E,0x18,0x18,0x18,0x70,0x18,0x18,0x18,0x18,0x0E,0x00,0x00,0x00,0x00}, // {
 200          {0x00,0x00,0x18,0x18,0x18,0x18,0x18,0x00,0x18,0x18,0x18,0x18,0x18,0x00,0x00,0x00}, // |
 201          {0x00,0x00,0x70,0x18,0x18,0x18,0x0E,0x18,0x18,0x18,0x18,0x70,0x00,0x00,0x00,0x00}, // }
 202          {0x00,0x00,0x3B,0x6E,0x00,0x00,0x00,0x00,0x00,0x00,0x00,0x00,0x00,0x00,0x00,0x00}, // ~
 203          {0x00,0x70,0xD8,0xD8,0x70,0x00,0x00,0x00,0x00,0x00,0x00,0x00,0x00,0x00,0x00,0x00},  // DEL
 204          
 205          };
 206          
 207          
 208          
 209          /*中文字符编码表(PCtoLCD2002取模软件)阴码、顺向(高位在前)，逐行式*/  
 210          struct typFNT_GB16 code GB16[1]=
 211          {
 212          "我",//占3个字节，因为字符串是以'\0'结尾,占了1个字节
 213          {0x04,0x40,0x0E,0x50,0x78,0x48,0x08,0x48,0x08,0x40,0xFF,0xFE,0x08,0x40,0x08,0x44,
 214          0x0A,0x44,0x0C,0x48,0x18,0x30,0x68,0x22,0x08,0x52,0x08,0x8A,0x2B,0x06,0x10,0x02},/*"我",2*/
 215          
 216          };  
 217          
 218          
 219          /*中文字符编码表(PCtoLCD2002取模软件)阴码、顺向(高位在前)，逐行式*/  
 220          struct typFNT_GB12x16 code GB12x16[1]=
 221          {
 222          "测",//占3个字节，因为字符串是以'\0'结尾,占了1个字节
 223            {0x89,0xF2,0x00,0xFF,0x01,0xF9,0xFF,0x00,0xFC,0x00,0xFF,0x00,0x00,0x07,0x04,0x04,0x02,0x01,0x02,0x04,0x01
             -,0x04,0x07,0x00},
 224          };  
 225          
 226          
 227          


MODULE INFORMATION:   STATIC OVERLAYABLE
   CODE SIZE        =   ----    ----
   CONSTANT SIZE    =   1598    ----
   XDATA SIZE       =   ----    ----
   PDATA SIZE       =   ----    ----
   DATA SIZE        =   ----    ----
   IDATA SIZE       =   ----    ----
C51 COMPILER V9.01   FONT                                                                  06/19/2020 12:28:54 PAGE 5   

   BIT SIZE         =   ----    ----
END OF MODULE INFORMATION.


C51 COMPILATION COMPLETE.  0 WARNING(S),  0 ERROR(S)
