C51 COMPILER V9.01   INIT                                                                  06/19/2020 12:28:54 PAGE 1   


C51 COMPILER V9.01, COMPILATION OF MODULE INIT
OBJECT MODULE PLACED IN .\init.obj
COMPILER INVOKED BY: D:\Keil_v5\C51\BIN\C51.EXE ..\hardware\init\init.c LARGE OPTIMIZE(7,SPEED) BROWSE INCDIR(..\hardwar
                    -e\setphone;..\hardware\flash;..\hardware\huanjing;..\hardware\sendmessage;..\hardware\touch_main;..\main;..\system\bin;.
                    -.\system\delay;..\system\iic;..\system\interrupt;..\system\stc;..\tft_touch_sd\font;..\tft_touch_sd\touch;..\tft_touch_s
                    -d\tft;..\tft_touch_sd\txt;..\hardware\chuankou;..\hardware\zhuce;..\hardware\init) DEBUG OBJECTEXTEND PRINT(.\init.lst) 
                    -TABS(2) OBJECT(.\init.obj)

line level    source

   1          #include "STC15F2K60S2.h"
   2          #include "delay.h" //延时函数
   3          #include "touch.h"
   4          #include "tft.h" //TFT IC底层驱
   5          #include "txt.h"
   6          #include "bin.h"
   7          #include "touch_main.h"
   8          #include "flash.h"
   9          #include "fontcheck.h"
  10          #include "chuankou.h"
  11          #include "zhuce.h"
  12          #include "init.h"
  13          /*******************************************初始化*******************************************************/
  14          
  15          void Init(void)
  16          {
  17   1        P0M0 = 0X00;
  18   1        P0M1 = 0X00;
  19   1        P1M0 = 0X00;
  20   1        P1M1 = 0X00;
  21   1        P2M0 = 0X00;
  22   1        P2M1 = 0X00;
  23   1        P3M0 = 0X00;
  24   1        P3M1 = 0X00;
  25   1        P4M0 = 0X00;
  26   1        P4M1 = 0X00;
  27   1        P5M0 = 0X00;
  28   1        P5M1 = 0X00;
  29   1        P6M0 = 0X00;
  30   1        P6M1 = 0X00;
  31   1        P7M0 = 0X00;
  32   1        P7M1 = 0X00;
  33   1        P41 = 0; //关闭红外发射管
  34   1      
  35   1        TFT_Init(); //tft初始化
  36   1        Touch_InitSpi();
  37   1        InitSpi();
  38   1        ftinfoInt();
  39   1        Zhuce();
  40   1      }
  41          


MODULE INFORMATION:   STATIC OVERLAYABLE
   CODE SIZE        =     51    ----
   CONSTANT SIZE    =   ----    ----
   XDATA SIZE       =   ----    ----
   PDATA SIZE       =   ----    ----
   DATA SIZE        =   ----    ----
   IDATA SIZE       =   ----    ----
   BIT SIZE         =   ----    ----
C51 COMPILER V9.01   INIT                                                                  06/19/2020 12:28:54 PAGE 2   

END OF MODULE INFORMATION.


C51 COMPILATION COMPLETE.  0 WARNING(S),  0 ERROR(S)
