C51 COMPILER V9.01   MAIN                                                                  06/19/2020 12:28:50 PAGE 1   


C51 COMPILER V9.01, COMPILATION OF MODULE MAIN
OBJECT MODULE PLACED IN .\main.obj
COMPILER INVOKED BY: D:\Keil_v5\C51\BIN\C51.EXE ..\main\main.c LARGE OPTIMIZE(7,SPEED) BROWSE INCDIR(..\hardware\setphon
                    -e;..\hardware\flash;..\hardware\huanjing;..\hardware\sendmessage;..\hardware\touch_main;..\main;..\system\bin;..\system\
                    -delay;..\system\iic;..\system\interrupt;..\system\stc;..\tft_touch_sd\font;..\tft_touch_sd\touch;..\tft_touch_sd\tft;..\
                    -tft_touch_sd\txt;..\hardware\chuankou;..\hardware\zhuce;..\hardware\init) DEBUG OBJECTEXTEND PRINT(.\main.lst) TABS(2) O
                    -BJECT(.\main.obj)

line level    source

   1          #include "touch_main.h"
   2          #include "init.h"
   3          void main()
   4          {
   5   1        Init();
   6   1      
   7   1        while (1)
   8   1        {
   9   2          MainTouch(); //启动 触摸屏 操作界面
  10   2        }
  11   1      }


MODULE INFORMATION:   STATIC OVERLAYABLE
   CODE SIZE        =      9    ----
   CONSTANT SIZE    =   ----    ----
   XDATA SIZE       =   ----    ----
   PDATA SIZE       =   ----    ----
   DATA SIZE        =   ----    ----
   IDATA SIZE       =   ----    ----
   BIT SIZE         =   ----    ----
END OF MODULE INFORMATION.


C51 COMPILATION COMPLETE.  0 WARNING(S),  0 ERROR(S)
