C51 COMPILER V9.01   ZHUCE                                                                 06/19/2020 12:28:54 PAGE 1   


C51 COMPILER V9.01, COMPILATION OF MODULE ZHUCE
OBJECT MODULE PLACED IN .\zhuce.obj
COMPILER INVOKED BY: D:\Keil_v5\C51\BIN\C51.EXE ..\hardware\zhuce\zhuce.c LARGE OPTIMIZE(7,SPEED) BROWSE INCDIR(..\hardw
                    -are\setphone;..\hardware\flash;..\hardware\huanjing;..\hardware\sendmessage;..\hardware\touch_main;..\main;..\system\bin
                    -;..\system\delay;..\system\iic;..\system\interrupt;..\system\stc;..\tft_touch_sd\font;..\tft_touch_sd\touch;..\tft_touch
                    -_sd\tft;..\tft_touch_sd\txt;..\hardware\chuankou;..\hardware\zhuce;..\hardware\init) DEBUG OBJECTEXTEND PRINT(.\zhuce.ls
                    -t) TABS(2) OBJECT(.\zhuce.obj)

line level    source

   1          #include "delay.h"
   2          #include "tft.h"
   3          #include "txt.h"
   4          #include "chuankou.h"
   5          #include "zhuce.h"
   6          #include "touch.h"
   7          
   8          void FailZhuce(void)
   9          {
  10   1        TFT_ClearONELINE(3, BLACK);
  11   1        TFT_ShowString_W25(8, 3, 2, "网络注册失败", WHITE, BLACK);
  12   1        delayms(2000);
  13   1        TFT_ShowString(0, 8, "------------------------------", WHITE, BLACK);
  14   1        TFT_ShowString_W25(0, 10, 2, "    点击屏幕进入系统界面", WHITE, BLACK);
  15   1        TFT_ShowString(0, 12, "------------------------------", WHITE, BLACK);
  16   1        while (Touch_IRQ())
  17   1          ;
  18   1      }
  19          
  20          /************************ 开机注册***********************/
  21          void Zhuce(void)
  22          {
  23   1        unsigned int i = 30;
  24   1      
  25   1        ChuankouIOInit(); //串口初始化
  26   1        USART1_Init();
  27   1        TFT_ClearArea(0, 0, 240, 320, BLACK);
  28   1        while (i--)
  29   1        {
  30   2          TFT_ClearONELINE(3, BLACK);
  31   2          TFT_ShowString_W25(5, 3, 2, "系统启动中，请稍等.", WHITE, BLACK);
  32   2          delayms(500);
  33   2          TFT_ShowString_W25(5, 3, 2, "系统启动中，请稍等..", WHITE, BLACK);
  34   2          delayms(500);
  35   2          TFT_ShowString_W25(5, 3, 2, "系统启动中，请稍等...", WHITE, BLACK);
  36   2          delayms(500);
  37   2          TFT_ShowString_W25(5, 3, 2, "系统启动中，请稍等....", WHITE, BLACK);
  38   2          delayms(500);
  39   2          if (GetFlag2 == 1)
  40   2          {
  41   3            GetFlag2 = 0;
  42   3            TFT_ClearONELINE(3, BLACK);
  43   3            TFT_ShowString_W25(8, 3, 2, "网络注册成功", WHITE, BLACK);
  44   3            delayms(2000);
  45   3            TFT_ShowString(0, 8, "------------------------------", WHITE, BLACK);
  46   3            TFT_ShowString_W25(0, 10, 2, "        进入系统界面", WHITE, BLACK);
  47   3            TFT_ShowString(0, 12, "------------------------------", WHITE, BLACK);
  48   3            delayms(2000);
  49   3            return;
  50   3          }
  51   2        }
C51 COMPILER V9.01   ZHUCE                                                                 06/19/2020 12:28:54 PAGE 2   

  52   1        FailZhuce();
  53   1      }


MODULE INFORMATION:   STATIC OVERLAYABLE
   CODE SIZE        =    558    ----
   CONSTANT SIZE    =    189    ----
   XDATA SIZE       =   ----       2
   PDATA SIZE       =   ----    ----
   DATA SIZE        =   ----    ----
   IDATA SIZE       =   ----    ----
   BIT SIZE         =   ----    ----
END OF MODULE INFORMATION.


C51 COMPILATION COMPLETE.  0 WARNING(S),  0 ERROR(S)
